<?xml version="1.0" encoding="UTF-8"?>
<!-- Generated by org.testng.reporters.JUnitXMLReporter -->
<testsuite hostname="Owner-PC" ignored="0" name="BankingApp Test" tests="1" failures="0" timestamp="2021-05-03T17:07:51 IST" time="0.996" errors="0">
  <testcase name="@BeforeClass setup" time="0.719" classname="com.IntBanking.TestCases.BaseClass">
    <failure type="java.lang.NullPointerException">
      <![CDATA[java.lang.NullPointerException
at com.IntBanking.TestCases.BaseClass.setup(BaseClass.java:59)
at java.util.ArrayList.forEach(Unknown Source)
... Removed 25 stack frames]]>
    </failure>
  </testcase> <!-- @BeforeClass setup -->
  <testcase name="@AfterClass tearDown" time="-1.620041871811E9" classname="com.IntBanking.TestCases.BaseClass">
    <skipped/>
  </testcase> <!-- @AfterClass tearDown -->
  <testcase name="loginTest" time="0.0" classname="com.IntBanking.TestCases.TC_LoginTest_01">
    <skipped/>
  </testcase> <!-- loginTest -->
</testsuite> <!-- BankingApp Test -->
