<?xml version="1.0" encoding="UTF-8"?>
<testng-results skipped="0" failed="1" ignored="0" total="2" passed="1">
  <reporter-output>
  </reporter-output>
  <suite name="IntBanking_V1" duration-ms="61203" started-at="2021-07-08T10:35:14 IST" finished-at="2021-07-08T10:36:15 IST">
    <groups>
    </groups>
    <test name="BankingApp Test" duration-ms="61203" started-at="2021-07-08T10:35:14 IST" finished-at="2021-07-08T10:36:15 IST">
      <class name="com.IntBanking.TestCases.TC_CustomisedStatementTest_17">
        <test-method status="PASS" signature="setup(java.lang.String)[pri:0, instance:com.IntBanking.TestCases.TC_CustomisedStatementTest_17@5bcea91b]" name="setup" is-config="true" duration-ms="8046" started-at="2021-07-08T10:35:40 IST" finished-at="2021-07-08T10:35:48 IST">
          <params>
            <param index="0">
              <value>
                <![CDATA[chrome]]>
              </value>
            </param>
          </params>
          <reporter-output>
          </reporter-output>
        </test-method> <!-- setup -->
        <test-method status="FAIL" signature="CustomisedStatementTest()[pri:0, instance:com.IntBanking.TestCases.TC_CustomisedStatementTest_17@5bcea91b]" name="CustomisedStatementTest" duration-ms="26146" started-at="2021-07-08T10:35:48 IST" finished-at="2021-07-08T10:36:14 IST">
          <exception class="org.openqa.selenium.UnhandledAlertException">
            <message>
              <![CDATA[unexpected alert open: {Alert text : Account does not exist}
  (Session info: chrome=91.0.4472.124): Account does not exist
Build info: version: '3.141.59', revision: 'e82be7d358', time: '2018-11-14T08:17:03'
System info: host: 'OWNER-PC', ip: '192.168.0.101', os.name: 'Windows 7', os.arch: 'amd64', os.version: '6.1', java.version: '1.8.0_191'
Driver info: org.openqa.selenium.chrome.ChromeDriver
Capabilities {acceptInsecureCerts: false, browserName: chrome, browserVersion: 91.0.4472.124, chrome: {chromedriverVersion: 91.0.4472.19 (1bf021f248676..., userDataDir: C:\Users\Owner\AppData\Loca...}, goog:chromeOptions: {debuggerAddress: localhost:61800}, javascriptEnabled: true, networkConnectionEnabled: false, pageLoadStrategy: normal, platform: WINDOWS, platformName: WINDOWS, proxy: Proxy(), setWindowRect: true, strictFileInteractability: false, timeouts: {implicit: 0, pageLoad: 300000, script: 30000}, unhandledPromptBehavior: dismiss and notify, webauthn:extension:largeBlob: true, webauthn:virtualAuthenticators: true}
Session ID: e49c7766ff06c05e4f10b3834e882e9d]]>
            </message>
            <full-stacktrace>
              <![CDATA[org.openqa.selenium.UnhandledAlertException: unexpected alert open: {Alert text : Account does not exist}
  (Session info: chrome=91.0.4472.124): Account does not exist
Build info: version: '3.141.59', revision: 'e82be7d358', time: '2018-11-14T08:17:03'
System info: host: 'OWNER-PC', ip: '192.168.0.101', os.name: 'Windows 7', os.arch: 'amd64', os.version: '6.1', java.version: '1.8.0_191'
Driver info: org.openqa.selenium.chrome.ChromeDriver
Capabilities {acceptInsecureCerts: false, browserName: chrome, browserVersion: 91.0.4472.124, chrome: {chromedriverVersion: 91.0.4472.19 (1bf021f248676..., userDataDir: C:\Users\Owner\AppData\Loca...}, goog:chromeOptions: {debuggerAddress: localhost:61800}, javascriptEnabled: true, networkConnectionEnabled: false, pageLoadStrategy: normal, platform: WINDOWS, platformName: WINDOWS, proxy: Proxy(), setWindowRect: true, strictFileInteractability: false, timeouts: {implicit: 0, pageLoad: 300000, script: 30000}, unhandledPromptBehavior: dismiss and notify, webauthn:extension:largeBlob: true, webauthn:virtualAuthenticators: true}
Session ID: e49c7766ff06c05e4f10b3834e882e9d
at org.openqa.selenium.remote.http.W3CHttpResponseCodec.decode(W3CHttpResponseCodec.java:120)
at org.openqa.selenium.remote.http.W3CHttpResponseCodec.decode(W3CHttpResponseCodec.java:49)
at org.openqa.selenium.remote.HttpCommandExecutor.execute(HttpCommandExecutor.java:158)
at org.openqa.selenium.remote.service.DriverCommandExecutor.execute(DriverCommandExecutor.java:83)
at org.openqa.selenium.remote.RemoteWebDriver.execute(RemoteWebDriver.java:552)
at org.openqa.selenium.remote.RemoteWebDriver.execute(RemoteWebDriver.java:609)
at org.openqa.selenium.remote.RemoteWebDriver.getPageSource(RemoteWebDriver.java:438)
at sun.reflect.NativeMethodAccessorImpl.invoke0(Native Method)
at sun.reflect.NativeMethodAccessorImpl.invoke(NativeMethodAccessorImpl.java:62)
at sun.reflect.DelegatingMethodAccessorImpl.invoke(DelegatingMethodAccessorImpl.java:43)
at java.lang.reflect.Method.invoke(Method.java:498)
at org.openqa.selenium.support.events.EventFiringWebDriver.lambda$new$1(EventFiringWebDriver.java:105)
at com.sun.proxy.$Proxy8.getPageSource(Unknown Source)
at org.openqa.selenium.support.events.EventFiringWebDriver.getPageSource(EventFiringWebDriver.java:201)
at com.IntBanking.TestCases.TC_CustomisedStatementTest_17.CustomisedStatementTest(TC_CustomisedStatementTest_17.java:55)
at sun.reflect.NativeMethodAccessorImpl.invoke0(Native Method)
at sun.reflect.NativeMethodAccessorImpl.invoke(NativeMethodAccessorImpl.java:62)
at sun.reflect.DelegatingMethodAccessorImpl.invoke(DelegatingMethodAccessorImpl.java:43)
at java.lang.reflect.Method.invoke(Method.java:498)
at org.testng.internal.MethodInvocationHelper.invokeMethod(MethodInvocationHelper.java:134)
at org.testng.internal.TestInvoker.invokeMethod(TestInvoker.java:597)
at org.testng.internal.TestInvoker.invokeTestMethod(TestInvoker.java:173)
at org.testng.internal.MethodRunner.runInSequence(MethodRunner.java:46)
at org.testng.internal.TestInvoker$MethodInvocationAgent.invoke(TestInvoker.java:816)
at org.testng.internal.TestInvoker.invokeTestMethods(TestInvoker.java:146)
at org.testng.internal.TestMethodWorker.invokeTestMethods(TestMethodWorker.java:146)
at org.testng.internal.TestMethodWorker.run(TestMethodWorker.java:128)
at java.util.ArrayList.forEach(ArrayList.java:1257)
at org.testng.TestRunner.privateRun(TestRunner.java:766)
at org.testng.TestRunner.run(TestRunner.java:587)
at org.testng.SuiteRunner.runTest(SuiteRunner.java:384)
at org.testng.SuiteRunner.runSequentially(SuiteRunner.java:378)
at org.testng.SuiteRunner.privateRun(SuiteRunner.java:337)
at org.testng.SuiteRunner.run(SuiteRunner.java:286)
at org.testng.SuiteRunnerWorker.runSuite(SuiteRunnerWorker.java:53)
at org.testng.SuiteRunnerWorker.run(SuiteRunnerWorker.java:96)
at org.testng.TestNG.runSuitesSequentially(TestNG.java:1187)
at org.testng.TestNG.runSuitesLocally(TestNG.java:1109)
at org.testng.TestNG.runSuites(TestNG.java:1039)
at org.testng.TestNG.run(TestNG.java:1007)
at org.testng.remote.AbstractRemoteTestNG.run(AbstractRemoteTestNG.java:115)
at org.testng.remote.RemoteTestNG.initAndRun(RemoteTestNG.java:251)
at org.testng.remote.RemoteTestNG.main(RemoteTestNG.java:77)
]]>
            </full-stacktrace>
          </exception> <!-- org.openqa.selenium.UnhandledAlertException -->
          <reporter-output>
          </reporter-output>
        </test-method> <!-- CustomisedStatementTest -->
        <test-method status="PASS" signature="tearDown()[pri:0, instance:com.IntBanking.TestCases.TC_CustomisedStatementTest_17@5bcea91b]" name="tearDown" is-config="true" duration-ms="1171" started-at="2021-07-08T10:36:14 IST" finished-at="2021-07-08T10:36:15 IST">
          <reporter-output>
          </reporter-output>
        </test-method> <!-- tearDown -->
      </class> <!-- com.IntBanking.TestCases.TC_CustomisedStatementTest_17 -->
      <class name="com.IntBanking.TestCases.TC_LoginTest_01">
        <test-method status="PASS" signature="setup(java.lang.String)[pri:0, instance:com.IntBanking.TestCases.TC_LoginTest_01@12cdcf4]" name="setup" is-config="true" duration-ms="15540" started-at="2021-07-08T10:35:15 IST" finished-at="2021-07-08T10:35:30 IST">
          <params>
            <param index="0">
              <value>
                <![CDATA[chrome]]>
              </value>
            </param>
          </params>
          <reporter-output>
          </reporter-output>
        </test-method> <!-- setup -->
        <test-method status="PASS" signature="loginTest()[pri:0, instance:com.IntBanking.TestCases.TC_LoginTest_01@12cdcf4]" name="loginTest" duration-ms="7600" started-at="2021-07-08T10:35:30 IST" finished-at="2021-07-08T10:35:38 IST">
          <reporter-output>
          </reporter-output>
        </test-method> <!-- loginTest -->
        <test-method status="PASS" signature="tearDown()[pri:0, instance:com.IntBanking.TestCases.TC_LoginTest_01@12cdcf4]" name="tearDown" is-config="true" duration-ms="1508" started-at="2021-07-08T10:35:38 IST" finished-at="2021-07-08T10:35:40 IST">
          <reporter-output>
          </reporter-output>
        </test-method> <!-- tearDown -->
      </class> <!-- com.IntBanking.TestCases.TC_LoginTest_01 -->
    </test> <!-- BankingApp Test -->
  </suite> <!-- IntBanking_V1 -->
</testng-results>
